<?xml version="1.0" encoding="UTF-8"?>
<!-- Generated by org.testng.reporters.JUnitReportReporter -->
<testsuite hostname="LAPTOP-0FGV9PVN" failures="0" tests="1" name="com.qa.testLayer.LoginPageTest" time="8.099" errors="0" timestamp="2022-09-01T16:42:31 IST" skipped="0">
  <testcase classname="com.qa.testLayer.LoginPageTest" name="verifyLoginTest" time="8.099"/>
  <system-out/>
</testsuite> <!-- com.qa.testLayer.LoginPageTest -->
